<?xml version="1.0" encoding="UTF-8"?>
<!-- Generated by org.testng.reporters.JUnitReportReporter -->
<testsuite hostname="DESKTOP-PCC37BG" name="com.testng.test.datadrivern" tests="1" failures="0" timestamp="6 Aug 2017 16:34:28 GMT" time="9.121" errors="0">
  <testcase name="login" time="9.121" classname="com.testng.test.datadrivern"/>
</testsuite> <!-- com.testng.test.datadrivern -->
