<?xml version="1.0" encoding="UTF-8"?>
<!-- Generated by org.testng.reporters.JUnitReportReporter -->
<testsuite hostname="DESKTOP-PCC37BG" name="com.testng.test.parameterisation" tests="1" failures="0" timestamp="6 Aug 2017 17:02:16 GMT" time="12.088" errors="0">
  <testcase name="login" time="12.088" classname="com.testng.test.parameterisation"/>
</testsuite> <!-- com.testng.test.parameterisation -->
