<?xml version="1.0" encoding="UTF-8"?>
<!-- Generated by org.testng.reporters.JUnitReportReporter -->
<testsuite hostname="DESKTOP-PCC37BG" name="com.testng.test.basicannotations001" tests="2" failures="0" timestamp="6 Aug 2017 15:54:06 GMT" time="0.008" errors="0">
  <testcase name="secondtest" time="0.006" classname="com.testng.test.basicannotations001"/>
  <testcase name="firsttest" time="0.002" classname="com.testng.test.basicannotations001"/>
</testsuite> <!-- com.testng.test.basicannotations001 -->
