<?xml version="1.0" encoding="UTF-8"?>
<!-- Generated by org.testng.reporters.JUnitReportReporter -->
<testsuite hostname="DESKTOP-PCC37BG" name="com.testng.test2.Tests" tests="3" failures="0" timestamp="5 Aug 2017 12:58:34 GMT" time="0.013" errors="0">
  <testcase name="secondtest" time="0.001" classname="com.testng.test2.Tests"/>
  <testcase name="firsttest" time="0.005" classname="com.testng.test2.Tests"/>
  <testcase name="timrelated" time="0.007" classname="com.testng.test2.Tests"/>
</testsuite> <!-- com.testng.test2.Tests -->
