<?xml version="1.0" encoding="UTF-8"?>
<!-- Generated by org.testng.reporters.JUnitReportReporter -->
<testsuite hostname="DESKTOP-PCC37BG" name="com.headlesschrome.test.ZopaTest" tests="1" failures="0" timestamp="1 Sep 2017 07:05:45 GMT" time="31.991" errors="0">
  <testcase name="currentlyPlayed_recentlyPlayed" time="31.991" classname="com.headlesschrome.test.ZopaTest"/>
</testsuite> <!-- com.headlesschrome.test.ZopaTest -->
