<?xml version="1.0" encoding="UTF-8"?>
<!-- Generated by org.testng.reporters.JUnitReportReporter -->
<testsuite hostname="DESKTOP-PCC37BG" name="com.testng.test2.basicannotations001" tests="2" failures="0" timestamp="5 Aug 2017 12:58:34 GMT" time="0.006" errors="0">
  <testcase name="firsttest" time="0.003" classname="com.testng.test2.basicannotations001"/>
  <testcase name="secondtest" time="0.003" classname="com.testng.test2.basicannotations001"/>
</testsuite> <!-- com.testng.test2.basicannotations001 -->
