<?xml version="1.0" encoding="UTF-8"?>
<!-- Generated by org.testng.reporters.JUnitReportReporter -->
<testsuite hostname="DESKTOP-PCC37BG" name="com.headlesschrome.test.Quidco" tests="1" failures="0" timestamp="4 Sep 2017 19:42:04 GMT" time="37.048" errors="0">
  <testcase name="Join_With_Valid_details" time="37.048" classname="com.headlesschrome.test.Quidco"/>
</testsuite> <!-- com.headlesschrome.test.Quidco -->
