<?xml version="1.0" encoding="UTF-8"?>
<!-- Generated by org.testng.reporters.JUnitReportReporter -->
<testsuite hostname="DESKTOP-PCC37BG" name="com.testng.test.Tests" tests="2" failures="0" timestamp="6 Aug 2017 16:04:48 GMT" time="0.014" errors="0">
  <testcase name="firsttest" time="0.002" classname="com.testng.test.Tests"/>
  <testcase name="enabling" time="0.012" classname="com.testng.test.Tests"/>
</testsuite> <!-- com.testng.test.Tests -->
